<?xml version="1.0" encoding="UTF-8"?>
<!-- Generated by org.testng.reporters.JUnitXMLReporter -->
<testsuite ignored="4" hostname="Navjot_SW" failures="0" tests="1" name="Default test" time="2.644" errors="0" timestamp="2024-06-25T19:49:46 GMT-04:00">
  <testcase classname="httpMethods.APIAssignment" name="OAuth2Auth" time="2.606"/>
  <testcase classname="httpMethods.APIAssignment" name="DeleteUser" time="0.0">
    <ignored/>
  </testcase> <!-- DeleteUser -->
  <testcase classname="httpMethods.APIAssignment" name="PostWithHashMap" time="0.0">
    <ignored/>
  </testcase> <!-- PostWithHashMap -->
  <testcase classname="httpMethods.APIAssignment" name="ListOfUsers" time="0.0">
    <ignored/>
  </testcase> <!-- ListOfUsers -->
  <testcase classname="httpMethods.APIAssignment" name="post_POJO" time="0.0">
    <ignored/>
  </testcase> <!-- post_POJO -->
</testsuite> <!-- Default test -->
