<?xml version="1.0" encoding="UTF-8"?>
<testng-results ignored="4" total="5" passed="1" failed="0" skipped="0">
  <reporter-output>
  </reporter-output>
  <suite started-at="2024-06-25T19:49:43 GMT-04:00" name="Default suite" finished-at="2024-06-25T19:49:46 GMT-04:00" duration-ms="2644">
    <groups>
    </groups>
    <test started-at="2024-06-25T19:49:43 GMT-04:00" name="Default test" finished-at="2024-06-25T19:49:46 GMT-04:00" duration-ms="2644">
      <class name="httpMethods.APIAssignment">
        <test-method signature="OAuth2Auth()[pri:0, instance:httpMethods.APIAssignment@273e7444]" started-at="2024-06-25T19:49:43 GMT-04:00" name="OAuth2Auth" finished-at="2024-06-25T19:49:46 GMT-04:00" duration-ms="2606" status="PASS">
          <reporter-output>
          </reporter-output>
        </test-method> <!-- OAuth2Auth -->
      </class> <!-- httpMethods.APIAssignment -->
    </test> <!-- Default test -->
  </suite> <!-- Default suite -->
</testng-results>
