<?xml version="1.0" encoding="UTF-8"?>
<testng-results ignored="0" total="1" passed="1" failed="0" skipped="0">
  <reporter-output>
  </reporter-output>
  <suite started-at="2024-06-18T00:47:22 GMT-04:00" name="Default suite" finished-at="2024-06-18T00:47:24 GMT-04:00" duration-ms="2025">
    <groups>
    </groups>
    <test started-at="2024-06-18T00:47:22 GMT-04:00" name="Default test" finished-at="2024-06-18T00:47:24 GMT-04:00" duration-ms="2025">
      <class name="httpMethods.POSTRequest">
        <test-method signature="PostWithHashMap()[pri:0, instance:httpMethods.POSTRequest@4efac082]" started-at="2024-06-18T00:47:22 GMT-04:00" name="PostWithHashMap" finished-at="2024-06-18T00:47:24 GMT-04:00" duration-ms="1997" status="PASS">
          <reporter-output>
          </reporter-output>
        </test-method> <!-- PostWithHashMap -->
      </class> <!-- httpMethods.POSTRequest -->
    </test> <!-- Default test -->
  </suite> <!-- Default suite -->
</testng-results>
